<?xml version="1.0" encoding="UTF-8"?>
<!-- Generated by org.testng.reporters.JUnitXMLReporter -->
<testsuite ignored="0" hostname="DESKTOP-JFT4AKU" failures="0" tests="2" name="Test" time="42.782" errors="0" timestamp="2021-05-10T17:19:25 GMT-12:00">
  <testcase classname="com.comcast.crm.createcontact.Createcontact3" name="createContactradioTest" time="14.382"/>
  <testcase classname="com.comcast.crm.createcontact.Createcontact3" name="createContactradiooTest" time="12.239"/>
</testsuite> <!-- Test -->
